{"/Users/joshuaeaton/Desktop/ReduxToolKit/ReduxToolKit/vite.config.ts": {"path":"/Users/joshuaeaton/Desktop/ReduxToolKit/ReduxToolKit/vite.config.ts","statementMap":{},"fnMap":{},"branchMap":{},"s":{},"f":{},"b":{},"inputSourceMap":null}
,"/Users/joshuaeaton/Desktop/ReduxToolKit/ReduxToolKit/src/Store/store.ts": {"path":"/Users/joshuaeaton/Desktop/ReduxToolKit/ReduxToolKit/src/Store/store.ts","statementMap":{"0":{"start":{"line":4,"column":14},"end":{"line":4,"column":38}}},"fnMap":{},"branchMap":{},"s":{"0":0},"f":{},"b":{},"inputSourceMap":null}
}
